Using pre-set license
Built from '2021.3/staging' branch; Version is '2021.3.22f1 (b6c551784ba3) revision 11978065'; Using compiler version '192829333'; Build Type 'Release'
OS: 'Windows 10  (10.0.19045) 64bit Professional' Language: 'en' Physical Memory: 16304 MB
BatchMode: 1, IsHumanControllingUs: 0, StartBugReporterOnCrash: 0, Is64bit: 1, IsPro: 1

COMMAND LINE ARGUMENTS:
C:\Program Files\Unity\Hub\Editor\2021.3.22f1\Editor\Unity.exe
-adb2
-batchMode
-noUpm
-name
AssetImportWorker0
-projectPath
C:/Users/sakti/Downloads/Golf/AsuraGolf
-logFile
Logs/AssetImportWorker0.log
-srvPort
52721
Successfully changed project path to: C:/Users/sakti/Downloads/Golf/AsuraGolf
C:/Users/sakti/Downloads/Golf/AsuraGolf
[UnityMemory] Configuration Parameters - Can be set up in boot.config
    "memorysetup-bucket-allocator-granularity=16"
    "memorysetup-bucket-allocator-bucket-count=8"
    "memorysetup-bucket-allocator-block-size=33554432"
    "memorysetup-bucket-allocator-block-count=8"
    "memorysetup-main-allocator-block-size=16777216"
    "memorysetup-thread-allocator-block-size=16777216"
    "memorysetup-gfx-main-allocator-block-size=16777216"
    "memorysetup-gfx-thread-allocator-block-size=16777216"
    "memorysetup-cache-allocator-block-size=4194304"
    "memorysetup-typetree-allocator-block-size=2097152"
    "memorysetup-profiler-bucket-allocator-granularity=16"
    "memorysetup-profiler-bucket-allocator-bucket-count=8"
    "memorysetup-profiler-bucket-allocator-block-size=33554432"
    "memorysetup-profiler-bucket-allocator-block-count=8"
    "memorysetup-profiler-allocator-block-size=16777216"
    "memorysetup-profiler-editor-allocator-block-size=1048576"
    "memorysetup-temp-allocator-size-main=16777216"
    "memorysetup-job-temp-allocator-block-size=2097152"
    "memorysetup-job-temp-allocator-block-size-background=1048576"
    "memorysetup-job-temp-allocator-reduction-small-platforms=262144"
    "memorysetup-temp-allocator-size-background-worker=32768"
    "memorysetup-temp-allocator-size-job-worker=262144"
    "memorysetup-temp-allocator-size-preload-manager=33554432"
    "memorysetup-temp-allocator-size-nav-mesh-worker=65536"
    "memorysetup-temp-allocator-size-audio-worker=65536"
    "memorysetup-temp-allocator-size-cloud-worker=32768"
    "memorysetup-temp-allocator-size-gi-baking-worker=262144"
    "memorysetup-temp-allocator-size-gfx=262144"
Player connection [12756] Host "[IP] 192.168.28.119 [Port] 0 [Flags] 2 [Guid] 2454459461 [EditorId] 2454459461 [Version] 1048832 [Id] WindowsEditor(7,DESKTOP-CE6AV1E) [Debug] 1 [PackageName] WindowsEditor [ProjectName] Editor" joined multi-casting on [225.0.0.222:54997]...

Player connection [12756] Host "[IP] 192.168.28.119 [Port] 0 [Flags] 2 [Guid] 2454459461 [EditorId] 2454459461 [Version] 1048832 [Id] WindowsEditor(7,DESKTOP-CE6AV1E) [Debug] 1 [PackageName] WindowsEditor [ProjectName] Editor" joined alternative multi-casting on [225.0.0.222:34997]...

Refreshing native plugins compatible for Editor in 90.27 ms, found 3 plugins.
Preloading 0 native plugins for Editor in 0.00 ms.
Initialize engine version: 2021.3.22f1 (b6c551784ba3)
[Subsystems] Discovering subsystems at path C:/Program Files/Unity/Hub/Editor/2021.3.22f1/Editor/Data/Resources/UnitySubsystems
[Subsystems] Discovering subsystems at path C:/Users/sakti/Downloads/Golf/AsuraGolf/Assets
GfxDevice: creating device client; threaded=0; jobified=0
Direct3D:
    Version:  Direct3D 11.0 [level 11.0]
    Renderer: NVIDIA GeForce GTX 860M (ID=0x1392)
    Vendor:   NVIDIA
    VRAM:     2019 MB
    Driver:   22.21.13.8205
Initialize mono
Mono path[0] = 'C:/Program Files/Unity/Hub/Editor/2021.3.22f1/Editor/Data/Managed'
Mono path[1] = 'C:/Program Files/Unity/Hub/Editor/2021.3.22f1/Editor/Data/MonoBleedingEdge/lib/mono/unityjit-win32'
Mono config path = 'C:/Program Files/Unity/Hub/Editor/2021.3.22f1/Editor/Data/MonoBleedingEdge/etc'
Using monoOptions --debugger-agent=transport=dt_socket,embedding=1,server=y,suspend=n,address=127.0.0.1:56320
Begin MonoManager ReloadAssembly
Registering precompiled unity dll's ...
Register platform support module: C:/Program Files/Unity/Hub/Editor/2021.3.22f1/Editor/Data/PlaybackEngines/AndroidPlayer/UnityEditor.Android.Extensions.dll
Register platform support module: C:/Program Files/Unity/Hub/Editor/2021.3.22f1/Editor/Data/PlaybackEngines/WindowsStandaloneSupport/UnityEditor.WindowsStandalone.Extensions.dll
Registered in 0.009493 seconds.
Native extension for WindowsStandalone target not found
Native extension for Android target not found
Android Extension - Scanning For ADB Devices 315 ms
Refreshing native plugins compatible for Editor in 89.04 ms, found 3 plugins.
Preloading 0 native plugins for Editor in 0.00 ms.
Mono: successfully reloaded assembly
- Completed reload, in  1.190 seconds
Domain Reload Profiling:
	ReloadAssembly (1191ms)
		BeginReloadAssembly (135ms)
			ExecutionOrderSort (0ms)
			DisableScriptedObjects (0ms)
			BackupInstance (0ms)
			ReleaseScriptingObjects (0ms)
			CreateAndSetChildDomain (1ms)
		EndReloadAssembly (925ms)
			LoadAssemblies (132ms)
			RebuildTransferFunctionScriptingTraits (0ms)
			SetupTypeCache (154ms)
			ReleaseScriptCaches (0ms)
			RebuildScriptCaches (36ms)
			SetupLoadedEditorAssemblies (671ms)
				LogAssemblyErrors (0ms)
				InitializePlatformSupportModulesInManaged (401ms)
				SetLoadedEditorAssemblies (0ms)
				RefreshPlugins (89ms)
				BeforeProcessingInitializeOnLoad (1ms)
				ProcessInitializeOnLoadAttributes (122ms)
				ProcessInitializeOnLoadMethodAttributes (57ms)
				AfterProcessingInitializeOnLoad (0ms)
				EditorAssembliesLoaded (0ms)
			ExecutionOrderSort2 (0ms)
			AwakeInstancesAfterBackupRestoration (0ms)
Platform modules already initialized, skipping
Registering precompiled user dll's ...
Registered in 0.007761 seconds.
Begin MonoManager ReloadAssembly
Symbol file LoadedFromMemory doesn't match image C:\Users\sakti\Downloads\Golf\AsuraGolf\Library\PackageCache\com.unity.visualscripting@1.8.0\Editor\VisualScripting.Core\Dependencies\YamlDotNet\Unity.VisualScripting.YamlDotNet.dll
Symbol file LoadedFromMemory doesn't match image C:\Users\sakti\Downloads\Golf\AsuraGolf\Library\PackageCache\com.unity.visualscripting@1.8.0\Editor\VisualScripting.Core\Dependencies\DotNetZip\Unity.VisualScripting.IonicZip.dll
Native extension for WindowsStandalone target not found
Native extension for Android target not found
Refreshing native plugins compatible for Editor in 0.70 ms, found 3 plugins.
Preloading 0 native plugins for Editor in 0.00 ms.
Mono: successfully reloaded assembly
- Completed reload, in  1.475 seconds
Domain Reload Profiling:
	ReloadAssembly (1477ms)
		BeginReloadAssembly (170ms)
			ExecutionOrderSort (0ms)
			DisableScriptedObjects (8ms)
			BackupInstance (0ms)
			ReleaseScriptingObjects (0ms)
			CreateAndSetChildDomain (26ms)
		EndReloadAssembly (1157ms)
			LoadAssemblies (138ms)
			RebuildTransferFunctionScriptingTraits (0ms)
			SetupTypeCache (370ms)
			ReleaseScriptCaches (1ms)
			RebuildScriptCaches (76ms)
			SetupLoadedEditorAssemblies (517ms)
				LogAssemblyErrors (0ms)
				InitializePlatformSupportModulesInManaged (23ms)
				SetLoadedEditorAssemblies (1ms)
				RefreshPlugins (1ms)
				BeforeProcessingInitializeOnLoad (95ms)
				ProcessInitializeOnLoadAttributes (340ms)
				ProcessInitializeOnLoadMethodAttributes (41ms)
				AfterProcessingInitializeOnLoad (16ms)
				EditorAssembliesLoaded (0ms)
			ExecutionOrderSort2 (0ms)
			AwakeInstancesAfterBackupRestoration (11ms)
Platform modules already initialized, skipping
========================================================================
Worker process is ready to serve import requests
Launched and connected shader compiler UnityShaderCompiler.exe after 0.09 seconds
Refreshing native plugins compatible for Editor in 1.37 ms, found 3 plugins.
Preloading 0 native plugins for Editor in 0.00 ms.
Unloading 3274 Unused Serialized files (Serialized files now loaded: 0)
Unloading 37 unused Assets / (130.1 KB). Loaded Objects now: 3741.
Memory consumption went from 117.9 MB to 117.8 MB.
Total: 7.941300 ms (FindLiveObjects: 0.710100 ms CreateObjectMapping: 0.338600 ms MarkObjects: 6.649000 ms  DeleteObjects: 0.241400 ms)

AssetImportParameters requested are different than current active one (requested -> active):
  custom:video-decoder-ogg-theora: a1e56fd34408186e4bbccfd4996cb3dc -> 
  custom:container-muxer-webm: aa71ff27fc2769a1b78a27578f13a17b -> 
  custom:container-demuxer-webm: 4f35f7cbe854078d1ac9338744f61a02 -> 
  custom:video-encoder-webm-vp8: eb34c28f22e8b96e1ab97ce403110664 -> 
  custom:audio-encoder-webm-vorbis: bf7c407c2cedff20999df2af8eb42d56 -> 
  custom:framework-win-MediaFoundation: 216162199b28c13a410421893ffa2e32 -> 
  custom:container-demuxer-ogg: 62fdf1f143b41e24485cea50d1cbac27 -> 
  custom:video-decoder-webm-vp8: 9c59270c3fd7afecdb556c50c9e8de78 -> 
  custom:audio-decoder-ogg-vorbis: bf7c407c2cedff20999df2af8eb42d56 -> 
========================================================================
Received Import Request.
  Time since last request: 31367.554437 seconds.
  path: Assets/Scenes
  artifactKey: Guid(6ea315d0fd7389c41b19996891e99ae3) Importer(815301076,1909f56bfc062723c751e8b465ee728b)
Start importing Assets/Scenes using Guid(6ea315d0fd7389c41b19996891e99ae3) Importer(815301076,1909f56bfc062723c751e8b465ee728b)  -> (artifact id: 'b8193726cff86800c54781cdc6d54904') in 0.026308 seconds 
========================================================================
Received Import Request.
  Time since last request: 0.000038 seconds.
  path: Assets/Scenes/Main Menu.unity
  artifactKey: Guid(3ffba9734c3f31044bd992b0e227c4ee) Importer(815301076,1909f56bfc062723c751e8b465ee728b)
Start importing Assets/Scenes/Main Menu.unity using Guid(3ffba9734c3f31044bd992b0e227c4ee) Importer(815301076,1909f56bfc062723c751e8b465ee728b)  -> (artifact id: '58720a7c62cba2788db8ce1bf3d31437') in 0.013744 seconds 
========================================================================
Received Import Request.
  Time since last request: 28.910777 seconds.
  path: Assets/Scenes/mini-golf-club-cover.png
  artifactKey: Guid(51a841c603d99f442af5c6d6d76f63e6) Importer(815301076,1909f56bfc062723c751e8b465ee728b)
Start importing Assets/Scenes/mini-golf-club-cover.png using Guid(51a841c603d99f442af5c6d6d76f63e6) Importer(815301076,1909f56bfc062723c751e8b465ee728b)  -> (artifact id: '1dff89403ad2d7b2660358a37091e6e0') in 0.033642 seconds 
========================================================================
Received Import Request.
  Time since last request: 21.200334 seconds.
  path: Assets/Scenes/mini-golf-club-cover 1.avif
  artifactKey: Guid(48260dab92ef44046b878207756682be) Importer(815301076,1909f56bfc062723c751e8b465ee728b)
Start importing Assets/Scenes/mini-golf-club-cover 1.avif using Guid(48260dab92ef44046b878207756682be) Importer(815301076,1909f56bfc062723c751e8b465ee728b)  -> (artifact id: '98956d2efb6188d98be8f1e47d1e8ef3') in 0.015259 seconds 
========================================================================
Received Import Request.
  Time since last request: 2.159211 seconds.
  path: Assets/Scenes/mini-golf-club-cover.avif
  artifactKey: Guid(07cfc7b5631b96a499116a5367582b9a) Importer(815301076,1909f56bfc062723c751e8b465ee728b)
Start importing Assets/Scenes/mini-golf-club-cover.avif using Guid(07cfc7b5631b96a499116a5367582b9a) Importer(815301076,1909f56bfc062723c751e8b465ee728b)  -> (artifact id: '8e94db9355e5292ce499ea1624912103') in 0.002896 seconds 
========================================================================
Received Import Request.
  Time since last request: 26.909773 seconds.
  path: Assets/Scenes/mini-golf-club-cover.jpg
  artifactKey: Guid(92b193c3a3577304081e3f7d8fcc030d) Importer(815301076,1909f56bfc062723c751e8b465ee728b)
Start importing Assets/Scenes/mini-golf-club-cover.jpg using Guid(92b193c3a3577304081e3f7d8fcc030d) Importer(815301076,1909f56bfc062723c751e8b465ee728b)  -> (artifact id: '2acfdb12684c52370b73afbc9b63b311') in 0.059479 seconds 
========================================================================
Received Import Request.
  Time since last request: 22.551917 seconds.
  path: Packages/com.unity.collab-proxy/Editor/PlasticSCM/Assets/Images/stepok.png
  artifactKey: Guid(d4780dc1205c7c7478c970d8c61d24e8) Importer(815301076,1909f56bfc062723c751e8b465ee728b)
Start importing Packages/com.unity.collab-proxy/Editor/PlasticSCM/Assets/Images/stepok.png using Guid(d4780dc1205c7c7478c970d8c61d24e8) Importer(815301076,1909f56bfc062723c751e8b465ee728b)  -> (artifact id: 'a4c6a4bc19d271aa7f83165a1a97db8b') in 0.071680 seconds 
========================================================================
Received Import Request.
  Time since last request: 0.000033 seconds.
  path: Assets/UI/PNG/yellow_button01.png
  artifactKey: Guid(49ea462b77f6ab342b8c44be66aca0c1) Importer(815301076,1909f56bfc062723c751e8b465ee728b)
Start importing Assets/UI/PNG/yellow_button01.png using Guid(49ea462b77f6ab342b8c44be66aca0c1) Importer(815301076,1909f56bfc062723c751e8b465ee728b)  -> (artifact id: '0f6f59015399827c15bde3e064c864bd') in 0.020165 seconds 
========================================================================
Received Import Request.
  Time since last request: 0.000024 seconds.
  path: Assets/UI/PNG/yellow_boxCross.png
  artifactKey: Guid(cfc8f6df3694efa43869b32d36384460) Importer(815301076,1909f56bfc062723c751e8b465ee728b)
Start importing Assets/UI/PNG/yellow_boxCross.png using Guid(cfc8f6df3694efa43869b32d36384460) Importer(815301076,1909f56bfc062723c751e8b465ee728b)  -> (artifact id: 'ac52edf5b492ca10cd3f765da1c1dc85') in 0.022465 seconds 
========================================================================
Received Import Request.
  Time since last request: 0.000055 seconds.
  path: Assets/UI/Logo/Title_5.png
  artifactKey: Guid(4394e151fc5d7fe42a7219af8ca130ed) Importer(815301076,1909f56bfc062723c751e8b465ee728b)
Start importing Assets/UI/Logo/Title_5.png using Guid(4394e151fc5d7fe42a7219af8ca130ed) Importer(815301076,1909f56bfc062723c751e8b465ee728b)  -> (artifact id: 'bf255059cb24bc3972c2f62a30713c19') in 0.048057 seconds 
========================================================================
Received Import Request.
  Time since last request: 0.000025 seconds.
  path: Assets/UI/PNG/yellow_button00.png
  artifactKey: Guid(42775fa7b20177e4893bcb1078e67cf0) Importer(815301076,1909f56bfc062723c751e8b465ee728b)
Start importing Assets/UI/PNG/yellow_button00.png using Guid(42775fa7b20177e4893bcb1078e67cf0) Importer(815301076,1909f56bfc062723c751e8b465ee728b)  -> (artifact id: 'd4456aabba2bf15b832f438b258d71e9') in 0.024523 seconds 
========================================================================
Received Import Request.
  Time since last request: 12.438488 seconds.
  path: Assets/mini-golf-club-cover.jpg
  artifactKey: Guid(7be01e9a4c2fd5840aa35cff7299dfb5) Importer(815301076,1909f56bfc062723c751e8b465ee728b)
Start importing Assets/mini-golf-club-cover.jpg using Guid(7be01e9a4c2fd5840aa35cff7299dfb5) Importer(815301076,1909f56bfc062723c751e8b465ee728b)  -> (artifact id: '80d6982d8bc5a2ed5d1a66a15f55a233') in 0.014351 seconds 
========================================================================
Received Import Request.
  Time since last request: 40.745977 seconds.
  path: Assets/Preview Level
  artifactKey: Guid(f26786e95099f9343bdd4bfc5fd3a308) Importer(815301076,1909f56bfc062723c751e8b465ee728b)
Start importing Assets/Preview Level using Guid(f26786e95099f9343bdd4bfc5fd3a308) Importer(815301076,1909f56bfc062723c751e8b465ee728b)  -> (artifact id: 'd0161ee01c8f56b5a371c5eb85bec611') in 0.009898 seconds 
========================================================================
Received Import Request.
  Time since last request: 0.028784 seconds.
  path: Assets/Preview Level/Preview Level 1.png
  artifactKey: Guid(355f1ce63a070b349a11e65fe3ee2953) Importer(815301076,1909f56bfc062723c751e8b465ee728b)
Start importing Assets/Preview Level/Preview Level 1.png using Guid(355f1ce63a070b349a11e65fe3ee2953) Importer(815301076,1909f56bfc062723c751e8b465ee728b)  -> (artifact id: '23e4965b9f973016553f7a1b593e239c') in 0.115302 seconds 
========================================================================
Received Import Request.
  Time since last request: 16.894207 seconds.
  path: Assets/mini-golf-club-cover.jpg
  artifactKey: Guid(7be01e9a4c2fd5840aa35cff7299dfb5) Importer(815301076,1909f56bfc062723c751e8b465ee728b)
Start importing Assets/mini-golf-club-cover.jpg using Guid(7be01e9a4c2fd5840aa35cff7299dfb5) Importer(815301076,1909f56bfc062723c751e8b465ee728b)  -> (artifact id: 'c84f5300afae95522cd81ca6255a6f2e') in 0.091572 seconds 
========================================================================
Received Prepare
Registering precompiled user dll's ...
Registered in 0.015284 seconds.
Begin MonoManager ReloadAssembly
Symbol file LoadedFromMemory doesn't match image C:\Users\sakti\Downloads\Golf\AsuraGolf\Library\PackageCache\com.unity.visualscripting@1.8.0\Editor\VisualScripting.Core\Dependencies\YamlDotNet\Unity.VisualScripting.YamlDotNet.dll
Symbol file LoadedFromMemory doesn't match image C:\Users\sakti\Downloads\Golf\AsuraGolf\Library\PackageCache\com.unity.visualscripting@1.8.0\Editor\VisualScripting.Core\Dependencies\DotNetZip\Unity.VisualScripting.IonicZip.dll
Native extension for WindowsStandalone target not found
Native extension for Android target not found
Refreshing native plugins compatible for Editor in 0.72 ms, found 3 plugins.
Preloading 0 native plugins for Editor in 0.00 ms.
Mono: successfully reloaded assembly
- Completed reload, in  1.354 seconds
Domain Reload Profiling:
	ReloadAssembly (1354ms)
		BeginReloadAssembly (185ms)
			ExecutionOrderSort (0ms)
			DisableScriptedObjects (9ms)
			BackupInstance (0ms)
			ReleaseScriptingObjects (0ms)
			CreateAndSetChildDomain (44ms)
		EndReloadAssembly (1036ms)
			LoadAssemblies (126ms)
			RebuildTransferFunctionScriptingTraits (0ms)
			SetupTypeCache (376ms)
			ReleaseScriptCaches (3ms)
			RebuildScriptCaches (67ms)
			SetupLoadedEditorAssemblies (417ms)
				LogAssemblyErrors (0ms)
				InitializePlatformSupportModulesInManaged (24ms)
				SetLoadedEditorAssemblies (1ms)
				RefreshPlugins (1ms)
				BeforeProcessingInitializeOnLoad (74ms)
				ProcessInitializeOnLoadAttributes (282ms)
				ProcessInitializeOnLoadMethodAttributes (25ms)
				AfterProcessingInitializeOnLoad (10ms)
				EditorAssembliesLoaded (0ms)
			ExecutionOrderSort2 (0ms)
			AwakeInstancesAfterBackupRestoration (7ms)
Platform modules already initialized, skipping
Refreshing native plugins compatible for Editor in 4.91 ms, found 3 plugins.
Preloading 0 native plugins for Editor in 0.00 ms.
Unloading 3252 Unused Serialized files (Serialized files now loaded: 0)
Unloading 18 unused Assets / (95.5 KB). Loaded Objects now: 3780.
Memory consumption went from 120.3 MB to 120.2 MB.
Total: 6.079000 ms (FindLiveObjects: 0.353000 ms CreateObjectMapping: 0.454900 ms MarkObjects: 5.202600 ms  DeleteObjects: 0.066300 ms)

AssetImportParameters requested are different than current active one (requested -> active):
  custom:video-decoder-ogg-theora: a1e56fd34408186e4bbccfd4996cb3dc -> 
  custom:container-muxer-webm: aa71ff27fc2769a1b78a27578f13a17b -> 
  custom:container-demuxer-webm: 4f35f7cbe854078d1ac9338744f61a02 -> 
  custom:video-encoder-webm-vp8: eb34c28f22e8b96e1ab97ce403110664 -> 
  custom:audio-encoder-webm-vorbis: bf7c407c2cedff20999df2af8eb42d56 -> 
  custom:framework-win-MediaFoundation: 216162199b28c13a410421893ffa2e32 -> 
  custom:container-demuxer-ogg: 62fdf1f143b41e24485cea50d1cbac27 -> 
  custom:video-decoder-webm-vp8: 9c59270c3fd7afecdb556c50c9e8de78 -> 
  custom:audio-decoder-ogg-vorbis: bf7c407c2cedff20999df2af8eb42d56 -> 
========================================================================
Received Import Request.
  Time since last request: 131.029616 seconds.
  path: Assets/Samples
  artifactKey: Guid(570ef4f9cab0a5e42a4c075b14c8e861) Importer(815301076,1909f56bfc062723c751e8b465ee728b)
Start importing Assets/Samples using Guid(570ef4f9cab0a5e42a4c075b14c8e861) Importer(815301076,1909f56bfc062723c751e8b465ee728b)  -> (artifact id: '4507cd921ee98cbbe443a23eb06f4043') in 0.018865 seconds 
========================================================================
Received Import Request.
  Time since last request: 5.898367 seconds.
  path: Assets/Scenes/Level 1.unity
  artifactKey: Guid(9fc0d4010bbf28b4594072e72b8655ab) Importer(815301076,1909f56bfc062723c751e8b465ee728b)
Start importing Assets/Scenes/Level 1.unity using Guid(9fc0d4010bbf28b4594072e72b8655ab) Importer(815301076,1909f56bfc062723c751e8b465ee728b)  -> (artifact id: '4dc2ed7808a961039a0d76fa261e17d5') in 0.011514 seconds 
========================================================================
Received Import Request.
  Time since last request: 9.303822 seconds.
  path: Assets/Material/New Material 1.mat
  artifactKey: Guid(c5617a80cd115664493373b8ffa6ab0a) Importer(815301076,1909f56bfc062723c751e8b465ee728b)
Start importing Assets/Material/New Material 1.mat using Guid(c5617a80cd115664493373b8ffa6ab0a) Importer(815301076,1909f56bfc062723c751e8b465ee728b)  -> (artifact id: '439d3ac0c08904639bee34816e625488') in 0.373301 seconds 
========================================================================
Received Import Request.
  Time since last request: 0.000030 seconds.
  path: Assets/Material/New Material.mat
  artifactKey: Guid(49c4e377add7f354795de3919c9bab3b) Importer(815301076,1909f56bfc062723c751e8b465ee728b)
Start importing Assets/Material/New Material.mat using Guid(49c4e377add7f354795de3919c9bab3b) Importer(815301076,1909f56bfc062723c751e8b465ee728b)  -> (artifact id: 'a7df15a66143ef9763180ecef17bf340') in 0.047775 seconds 
========================================================================
Received Import Request.
  Time since last request: 4.107551 seconds.
  path: Assets/Material
  artifactKey: Guid(c957540811f348f4bb8ea0fe8418dc75) Importer(815301076,1909f56bfc062723c751e8b465ee728b)
Start importing Assets/Material using Guid(c957540811f348f4bb8ea0fe8418dc75) Importer(815301076,1909f56bfc062723c751e8b465ee728b)  -> (artifact id: '237f73c3fe6aaf9b7dfd81974a864465') in 0.011365 seconds 
========================================================================
Received Import Request.
  Time since last request: 8.722306 seconds.
  path: Assets/Material/BallColor.mat
  artifactKey: Guid(6370c9b2af109bf4fbb56045d98ad53c) Importer(815301076,1909f56bfc062723c751e8b465ee728b)
Start importing Assets/Material/BallColor.mat using Guid(6370c9b2af109bf4fbb56045d98ad53c) Importer(815301076,1909f56bfc062723c751e8b465ee728b)  -> (artifact id: 'f3fb3e93bce1ecf9446380086092897c') in 0.024249 seconds 
========================================================================
Received Prepare
Registering precompiled user dll's ...
Registered in 0.007273 seconds.
Begin MonoManager ReloadAssembly
Symbol file LoadedFromMemory doesn't match image C:\Users\sakti\Downloads\Golf\AsuraGolf\Library\PackageCache\com.unity.visualscripting@1.8.0\Editor\VisualScripting.Core\Dependencies\YamlDotNet\Unity.VisualScripting.YamlDotNet.dll
Symbol file LoadedFromMemory doesn't match image C:\Users\sakti\Downloads\Golf\AsuraGolf\Library\PackageCache\com.unity.visualscripting@1.8.0\Editor\VisualScripting.Core\Dependencies\DotNetZip\Unity.VisualScripting.IonicZip.dll
Native extension for WindowsStandalone target not found
Native extension for Android target not found
Refreshing native plugins compatible for Editor in 0.91 ms, found 3 plugins.
Preloading 0 native plugins for Editor in 0.00 ms.
Mono: successfully reloaded assembly
- Completed reload, in  2.566 seconds
Domain Reload Profiling:
	ReloadAssembly (2567ms)
		BeginReloadAssembly (208ms)
			ExecutionOrderSort (0ms)
			DisableScriptedObjects (6ms)
			BackupInstance (0ms)
			ReleaseScriptingObjects (0ms)
			CreateAndSetChildDomain (51ms)
		EndReloadAssembly (2224ms)
			LoadAssemblies (144ms)
			RebuildTransferFunctionScriptingTraits (0ms)
			SetupTypeCache (1029ms)
			ReleaseScriptCaches (7ms)
			RebuildScriptCaches (235ms)
			SetupLoadedEditorAssemblies (642ms)
				LogAssemblyErrors (0ms)
				InitializePlatformSupportModulesInManaged (40ms)
				SetLoadedEditorAssemblies (1ms)
				RefreshPlugins (1ms)
				BeforeProcessingInitializeOnLoad (121ms)
				ProcessInitializeOnLoadAttributes (423ms)
				ProcessInitializeOnLoadMethodAttributes (39ms)
				AfterProcessingInitializeOnLoad (18ms)
				EditorAssembliesLoaded (0ms)
			ExecutionOrderSort2 (0ms)
			AwakeInstancesAfterBackupRestoration (10ms)
Platform modules already initialized, skipping
Refreshing native plugins compatible for Editor in 4.34 ms, found 3 plugins.
Preloading 0 native plugins for Editor in 0.00 ms.
Unloading 3252 Unused Serialized files (Serialized files now loaded: 0)
Unloading 18 unused Assets / (95.5 KB). Loaded Objects now: 3833.
Memory consumption went from 120.8 MB to 120.7 MB.
Total: 4.493700 ms (FindLiveObjects: 0.343500 ms CreateObjectMapping: 0.167200 ms MarkObjects: 3.922300 ms  DeleteObjects: 0.059200 ms)

AssetImportParameters requested are different than current active one (requested -> active):
  custom:video-decoder-ogg-theora: a1e56fd34408186e4bbccfd4996cb3dc -> 
  custom:container-muxer-webm: aa71ff27fc2769a1b78a27578f13a17b -> 
  custom:container-demuxer-webm: 4f35f7cbe854078d1ac9338744f61a02 -> 
  custom:video-encoder-webm-vp8: eb34c28f22e8b96e1ab97ce403110664 -> 
  custom:audio-encoder-webm-vorbis: bf7c407c2cedff20999df2af8eb42d56 -> 
  custom:framework-win-MediaFoundation: 216162199b28c13a410421893ffa2e32 -> 
  custom:container-demuxer-ogg: 62fdf1f143b41e24485cea50d1cbac27 -> 
  custom:video-decoder-webm-vp8: 9c59270c3fd7afecdb556c50c9e8de78 -> 
  custom:audio-decoder-ogg-vorbis: bf7c407c2cedff20999df2af8eb42d56 -> 
